<?xml version="1.0" encoding="UTF-8"?>
<testsuite xmlns:xsi="http://www.w3.org/2001/XMLSchema-instance" xsi:noNamespaceSchemaLocation="https://maven.apache.org/surefire/maven-surefire-plugin/xsd/surefire-test-report-3.0.xsd" version="3.0" name="com.compiler.delphi.DelphiTest" time="0.087" tests="4" errors="0" skipped="0" failures="0">
  <properties>
    <property name="java.specification.version" value="23"/>
    <property name="sun.jnu.encoding" value="UTF-8"/>
    <property name="java.class.path" value="/Users/abhayshastry/Desktop/PLP/PascalAntlr4Grammar/target/test-classes:/Users/abhayshastry/Desktop/PLP/PascalAntlr4Grammar/target/classes:/Users/abhayshastry/.m2/repository/org/antlr/antlr4-runtime/4.13.1/antlr4-runtime-4.13.1.jar:/Users/abhayshastry/.m2/repository/junit/junit/4.13.2/junit-4.13.2.jar:/Users/abhayshastry/.m2/repository/org/hamcrest/hamcrest-core/1.3/hamcrest-core-1.3.jar:/Users/abhayshastry/.m2/repository/org/hamcrest/hamcrest-all/1.3/hamcrest-all-1.3.jar:"/>
    <property name="java.vm.vendor" value="Homebrew"/>
    <property name="sun.arch.data.model" value="64"/>
    <property name="java.vendor.url" value="https://github.com/Homebrew/homebrew-core/issues"/>
    <property name="os.name" value="Mac OS X"/>
    <property name="java.vm.specification.version" value="23"/>
    <property name="sun.java.launcher" value="SUN_STANDARD"/>
    <property name="user.country" value="US"/>
    <property name="sun.boot.library.path" value="/opt/homebrew/Cellar/openjdk/23.0.2/libexec/openjdk.jdk/Contents/Home/lib"/>
    <property name="sun.java.command" value="/Users/abhayshastry/Desktop/PLP/PascalAntlr4Grammar/target/surefire/surefirebooter-20250217140710257_3.jar /Users/abhayshastry/Desktop/PLP/PascalAntlr4Grammar/target/surefire 2025-02-17T14-07-10_208-jvmRun1 surefire-20250217140710257_1tmp surefire_0-20250217140710257_2tmp"/>
    <property name="http.nonProxyHosts" value="local|*.local|169.254/16|*.169.254/16"/>
    <property name="jdk.debug" value="release"/>
    <property name="surefire.test.class.path" value="/Users/abhayshastry/Desktop/PLP/PascalAntlr4Grammar/target/test-classes:/Users/abhayshastry/Desktop/PLP/PascalAntlr4Grammar/target/classes:/Users/abhayshastry/.m2/repository/org/antlr/antlr4-runtime/4.13.1/antlr4-runtime-4.13.1.jar:/Users/abhayshastry/.m2/repository/junit/junit/4.13.2/junit-4.13.2.jar:/Users/abhayshastry/.m2/repository/org/hamcrest/hamcrest-core/1.3/hamcrest-core-1.3.jar:/Users/abhayshastry/.m2/repository/org/hamcrest/hamcrest-all/1.3/hamcrest-all-1.3.jar:"/>
    <property name="sun.cpu.endian" value="little"/>
    <property name="user.home" value="/Users/abhayshastry"/>
    <property name="user.language" value="en"/>
    <property name="java.specification.vendor" value="Oracle Corporation"/>
    <property name="java.version.date" value="2025-01-21"/>
    <property name="java.home" value="/opt/homebrew/Cellar/openjdk/23.0.2/libexec/openjdk.jdk/Contents/Home"/>
    <property name="file.separator" value="/"/>
    <property name="basedir" value="/Users/abhayshastry/Desktop/PLP/PascalAntlr4Grammar"/>
    <property name="java.vm.compressedOopsMode" value="Zero based"/>
    <property name="line.separator" value="&#10;"/>
    <property name="java.vm.specification.vendor" value="Oracle Corporation"/>
    <property name="java.specification.name" value="Java Platform API Specification"/>
    <property name="apple.awt.application.name" value="ForkedBooter"/>
    <property name="surefire.real.class.path" value="/Users/abhayshastry/Desktop/PLP/PascalAntlr4Grammar/target/surefire/surefirebooter-20250217140710257_3.jar"/>
    <property name="sun.management.compiler" value="HotSpot 64-Bit Tiered Compilers"/>
    <property name="ftp.nonProxyHosts" value="local|*.local|169.254/16|*.169.254/16"/>
    <property name="java.runtime.version" value="23.0.2"/>
    <property name="user.name" value="abhayshastry"/>
    <property name="stdout.encoding" value="UTF-8"/>
    <property name="path.separator" value=":"/>
    <property name="os.version" value="15.1.1"/>
    <property name="java.runtime.name" value="OpenJDK Runtime Environment"/>
    <property name="file.encoding" value="UTF-8"/>
    <property name="java.vm.name" value="OpenJDK 64-Bit Server VM"/>
    <property name="java.vendor.version" value="Homebrew"/>
    <property name="localRepository" value="/Users/abhayshastry/.m2/repository"/>
    <property name="java.vendor.url.bug" value="https://github.com/Homebrew/homebrew-core/issues"/>
    <property name="java.io.tmpdir" value="/var/folders/02/cj9fxp8j6j9drsmtb5cjvjr40000gn/T/"/>
    <property name="java.version" value="23.0.2"/>
    <property name="user.dir" value="/Users/abhayshastry/Desktop/PLP/PascalAntlr4Grammar"/>
    <property name="os.arch" value="aarch64"/>
    <property name="java.vm.specification.name" value="Java Virtual Machine Specification"/>
    <property name="native.encoding" value="UTF-8"/>
    <property name="java.library.path" value="/Users/abhayshastry/Library/Java/Extensions:/Library/Java/Extensions:/Network/Library/Java/Extensions:/System/Library/Java/Extensions:/usr/lib/java:."/>
    <property name="java.vm.info" value="mixed mode, sharing"/>
    <property name="stderr.encoding" value="UTF-8"/>
    <property name="java.vendor" value="Homebrew"/>
    <property name="java.vm.version" value="23.0.2"/>
    <property name="sun.io.unicode.encoding" value="UnicodeBig"/>
    <property name="socksNonProxyHosts" value="local|*.local|169.254/16|*.169.254/16"/>
    <property name="java.class.version" value="67.0"/>
  </properties>
  <testcase name="testSimpleClass" classname="com.compiler.delphi.DelphiTest" time="0.055">
    <system-err><![CDATA[line 8:23 missing '(' at 'newName'
line 8:56 missing ')' at ';'
line 13:26 missing '(' at 'newName'
line 13:59 missing ')' at ';'
line 17:3 extraneous input ';' expecting {'BEGIN', 'CONST', 'FUNCTION', 'LABEL', 'PROCEDURE', 'TYPE', 'VAR', 'CONSTRUCTOR', 'DESTRUCTOR', 'USES', 'IMPLEMENTATION'}
line 21:3 extraneous input ';' expecting {'BEGIN', 'CONST', 'FUNCTION', 'LABEL', 'PROCEDURE', 'TYPE', 'VAR', 'CONSTRUCTOR', 'DESTRUCTOR', 'USES', 'IMPLEMENTATION'}
line 26:3 extraneous input ';' expecting {'BEGIN', 'CONST', 'FUNCTION', 'LABEL', 'PROCEDURE', 'TYPE', 'VAR', 'CONSTRUCTOR', 'DESTRUCTOR', 'USES', 'IMPLEMENTATION'}
line 31:27 mismatched input '(' expecting {'AND', 'DIV', 'END', 'IN', 'MOD', 'OR', '+', '-', '*', '/', ';', '=', '<>', '<', '<=', '>=', '>', '[', '(.', '^', '.'}
line 32:11 mismatched input 'PrintInfo' expecting {'AND', 'DIV', 'END', 'IN', 'MOD', 'OR', '+', '-', '*', '/', ';', '=', '<>', '<', '<=', '>=', '>', '[', '(.', '^', '.'}
]]></system-err>
  </testcase>
  <testcase name="testSimpleProgram" classname="com.compiler.delphi.DelphiTest" time="0"/>
  <testcase name="testComplexFeatures" classname="com.compiler.delphi.DelphiTest" time="0.004">
    <system-err><![CDATA[line 7:0 extraneous input 'class' expecting {'BEGIN', 'CONST', 'FUNCTION', 'LABEL', 'PROCEDURE', 'TYPE', 'VAR', 'CONSTRUCTOR', 'DESTRUCTOR', 'USES', 'IMPLEMENTATION'}
line 12:22 mismatched input ';' expecting {'BEGIN', 'CONST', 'FUNCTION', 'LABEL', 'PROCEDURE', 'TYPE', 'VAR', 'CONSTRUCTOR', 'DESTRUCTOR', 'USES', 'IMPLEMENTATION', IDENT}
line 15:0 mismatched input 'end' expecting {'BEGIN', 'CONST', 'FUNCTION', 'LABEL', 'PROCEDURE', 'TYPE', 'VAR', 'CONSTRUCTOR', 'DESTRUCTOR', 'USES', 'IMPLEMENTATION'}
line 20:3 extraneous input ';' expecting {'BEGIN', 'CONST', 'FUNCTION', 'LABEL', 'PROCEDURE', 'TYPE', 'VAR', 'CONSTRUCTOR', 'DESTRUCTOR', 'USES', 'IMPLEMENTATION'}
line 22:0 no viable alternative at input 'procedure'
line 22:30 missing '(' at 'value'
line 22:45 missing ')' at ';'
line 29:3 extraneous input ';' expecting {'BEGIN', 'CONST', 'FUNCTION', 'LABEL', 'PROCEDURE', 'TYPE', 'VAR', 'CONSTRUCTOR', 'DESTRUCTOR', 'USES', 'IMPLEMENTATION'}
line 43:3 extraneous input ';' expecting {'BEGIN', 'CONST', 'FUNCTION', 'LABEL', 'PROCEDURE', 'TYPE', 'VAR', 'CONSTRUCTOR', 'DESTRUCTOR', 'USES', 'IMPLEMENTATION'}
line 50:17 missing ':=' at '('
line 51:17 missing ':=' at '('
]]></system-err>
  </testcase>
  <testcase name="testInheritance" classname="com.compiler.delphi.DelphiTest" time="0.003">
    <system-err><![CDATA[line 7:23 missing '(' at 'animalName'
line 7:42 missing ')' at ';'
line 8:25 mismatched input 'virtual' expecting {';', '('}
line 13:33 mismatched input ';' expecting ':'
line 16:26 missing '(' at 'animalName'
line 16:45 missing ')' at ';'
line 19:3 extraneous input ';' expecting {'BEGIN', 'CONST', 'FUNCTION', 'LABEL', 'PROCEDURE', 'TYPE', 'VAR', 'CONSTRUCTOR', 'DESTRUCTOR', 'USES', 'IMPLEMENTATION'}
line 24:3 extraneous input ';' expecting {'BEGIN', 'CONST', 'FUNCTION', 'LABEL', 'PROCEDURE', 'TYPE', 'VAR', 'CONSTRUCTOR', 'DESTRUCTOR', 'USES', 'IMPLEMENTATION'}
line 29:3 extraneous input ';' expecting {'BEGIN', 'CONST', 'FUNCTION', 'LABEL', 'PROCEDURE', 'TYPE', 'VAR', 'CONSTRUCTOR', 'DESTRUCTOR', 'USES', 'IMPLEMENTATION'}
line 34:23 mismatched input '(' expecting {'AND', 'DIV', 'END', 'IN', 'MOD', 'OR', '+', '-', '*', '/', ';', '=', '<>', '<', '<=', '>=', '>', '[', '(.', '^', '.'}
line 35:10 mismatched input 'MakeSound' expecting {'AND', 'DIV', 'END', 'IN', 'MOD', 'OR', '+', '-', '*', '/', ';', '=', '<>', '<', '<=', '>=', '>', '[', '(.', '^', '.'}
]]></system-err>
  </testcase>
</testsuite>